0 info it worked if it ends with ok
1 verbose cli [ '/usr/local/bin/node',
1 verbose cli   '/usr/local/bin/npm',
1 verbose cli   'run-script',
1 verbose cli   'install-dependencies' ]
2 info using npm@3.3.12
3 info using node@v5.4.1
4 verbose run-script [ 'preinstall-dependencies',
4 verbose run-script   'install-dependencies',
4 verbose run-script   'postinstall-dependencies' ]
5 info lifecycle Starter-Kit@1.0.0~preinstall-dependencies: Starter-Kit@1.0.0
6 silly lifecycle Starter-Kit@1.0.0~preinstall-dependencies: no script for preinstall-dependencies, continuing
7 info lifecycle Starter-Kit@1.0.0~install-dependencies: Starter-Kit@1.0.0
8 verbose lifecycle Starter-Kit@1.0.0~install-dependencies: unsafe-perm in lifecycle true
9 verbose lifecycle Starter-Kit@1.0.0~install-dependencies: PATH: /usr/local/lib/node_modules/npm/bin/node-gyp-bin:/Volumes/iNifty Mini Drive/Developer Tools/Programming Library/GitHub/StarterKits/Gulp/osx/Starter Kit/node_modules/.bin:/opt/X11/bin:/usr/local/bin:/usr/bin:/bin:/usr/local/sbin:/usr/sbin:/sbin
10 verbose lifecycle Starter-Kit@1.0.0~install-dependencies: CWD: /Volumes/iNifty Mini Drive/Developer Tools/Programming Library/GitHub/StarterKits/Gulp/osx/Starter Kit
11 silly lifecycle Starter-Kit@1.0.0~install-dependencies: Args: [ '-c', 'npm install && bower install' ]
12 silly lifecycle Starter-Kit@1.0.0~install-dependencies: Returned: code: 1  signal: null
13 info lifecycle Starter-Kit@1.0.0~install-dependencies: Failed to exec install-dependencies script
14 verbose stack Error: Starter-Kit@1.0.0 install-dependencies: `npm install && bower install`
14 verbose stack Exit status 1
14 verbose stack     at EventEmitter.<anonymous> (/usr/local/lib/node_modules/npm/lib/utils/lifecycle.js:232:16)
14 verbose stack     at emitTwo (events.js:87:13)
14 verbose stack     at EventEmitter.emit (events.js:172:7)
14 verbose stack     at ChildProcess.<anonymous> (/usr/local/lib/node_modules/npm/lib/utils/spawn.js:24:14)
14 verbose stack     at emitTwo (events.js:87:13)
14 verbose stack     at ChildProcess.emit (events.js:172:7)
14 verbose stack     at maybeClose (internal/child_process.js:821:16)
14 verbose stack     at Process.ChildProcess._handle.onexit (internal/child_process.js:211:5)
15 verbose pkgid Starter-Kit@1.0.0
16 verbose cwd /Volumes/iNifty Mini Drive/Developer Tools/Programming Library/GitHub/StarterKits/Gulp/osx/Starter Kit
17 error Darwin 15.2.0
18 error argv "/usr/local/bin/node" "/usr/local/bin/npm" "run-script" "install-dependencies"
19 error node v5.4.1
20 error npm  v3.3.12
21 error code ELIFECYCLE
22 error Starter-Kit@1.0.0 install-dependencies: `npm install && bower install`
22 error Exit status 1
23 error Failed at the Starter-Kit@1.0.0 install-dependencies script 'npm install && bower install'.
23 error Make sure you have the latest version of node.js and npm installed.
23 error If you do, this is most likely a problem with the Starter-Kit package,
23 error not with npm itself.
23 error Tell the author that this fails on your system:
23 error     npm install && bower install
23 error You can get their info via:
23 error     npm owner ls Starter-Kit
23 error There is likely additional logging output above.
24 verbose exit [ 1, true ]
